[2023-08-20 19:57:04] local.ERROR: SQLSTATE[HY000]: General error: 1364 Field 'password' doesn't have a default value (Connection: mysql, SQL: insert into `afari_users` (`name`, `email`, `phone`, `updated_at`, `created_at`) values (rayen, rayenbbeh@gmail.com, 21546897, 2023-08-20 19:57:01, 2023-08-20 19:57:01)) {"exception":"[object] (Illuminate\\Database\\QueryException(code: HY000): SQLSTATE[HY000]: General error: 1364 Field 'password' doesn't have a default value (Connection: mysql, SQL: insert into `afari_users` (`name`, `email`, `phone`, `updated_at`, `created_at`) values (rayen, rayenbbeh@gmail.com, 21546897, 2023-08-20 19:57:01, 2023-08-20 19:57:01)) at C:\\Users\\asus\\Desktop\\AFARI_TN\\backend( Laravel )\\afari_tn\\vendor\\laravel\\framework\\src\\Illuminate\\Database\\Connection.php:795)
[stacktrace]
#0 C:\\Users\\asus\\Desktop\\AFARI_TN\\backend( Laravel )\\afari_tn\\vendor\\laravel\\framework\\src\\Illuminate\\Database\\Connection.php(755): Illuminate\\Database\\Connection->runQueryCallback('insert into `af...', Array, Object(Closure))
#1 C:\\Users\\asus\\Desktop\\AFARI_TN\\backend( Laravel )\\afari_tn\\vendor\\laravel\\framework\\src\\Illuminate\\Database\\Connection.php(581): Illuminate\\Database\\Connection->run('insert into `af...', Array, Object(Closure))
#2 C:\\Users\\asus\\Desktop\\AFARI_TN\\backend( Laravel )\\afari_tn\\vendor\\laravel\\framework\\src\\Illuminate\\Database\\Connection.php(533): Illuminate\\Database\\Connection->statement('insert into `af...', Array)
#3 C:\\Users\\asus\\Desktop\\AFARI_TN\\backend( Laravel )\\afari_tn\\vendor\\laravel\\framework\\src\\Illuminate\\Database\\Query\\Processors\\Processor.php(32): Illuminate\\Database\\Connection->insert('insert into `af...', Array)
#4 C:\\Users\\asus\\Desktop\\AFARI_TN\\backend( Laravel )\\afari_tn\\vendor\\laravel\\framework\\src\\Illuminate\\Database\\Query\\Builder.php(3383): Illuminate\\Database\\Query\\Processors\\Processor->processInsertGetId(Object(Illuminate\\Database\\Query\\Builder), 'insert into `af...', Array, 'id')
#5 C:\\Users\\asus\\Desktop\\AFARI_TN\\backend( Laravel )\\afari_tn\\vendor\\laravel\\framework\\src\\Illuminate\\Database\\Eloquent\\Builder.php(1936): Illuminate\\Database\\Query\\Builder->insertGetId(Array, 'id')
#6 C:\\Users\\asus\\Desktop\\AFARI_TN\\backend( Laravel )\\afari_tn\\vendor\\laravel\\framework\\src\\Illuminate\\Database\\Eloquent\\Model.php(1333): Illuminate\\Database\\Eloquent\\Builder->__call('insertGetId', Array)
#7 C:\\Users\\asus\\Desktop\\AFARI_TN\\backend( Laravel )\\afari_tn\\vendor\\laravel\\framework\\src\\Illuminate\\Database\\Eloquent\\Model.php(1298): Illuminate\\Database\\Eloquent\\Model->insertAndSetId(Object(Illuminate\\Database\\Eloquent\\Builder), Array)
#8 C:\\Users\\asus\\Desktop\\AFARI_TN\\backend( Laravel )\\afari_tn\\vendor\\laravel\\framework\\src\\Illuminate\\Database\\Eloquent\\Model.php(1137): Illuminate\\Database\\Eloquent\\Model->performInsert(Object(Illuminate\\Database\\Eloquent\\Builder))
#9 C:\\Users\\asus\\Desktop\\AFARI_TN\\backend( Laravel )\\afari_tn\\vendor\\laravel\\framework\\src\\Illuminate\\Database\\Eloquent\\Builder.php(1006): Illuminate\\Database\\Eloquent\\Model->save()
#10 C:\\Users\\asus\\Desktop\\AFARI_TN\\backend( Laravel )\\afari_tn\\vendor\\laravel\\framework\\src\\Illuminate\\Support\\helpers.php(307): Illuminate\\Database\\Eloquent\\Builder->Illuminate\\Database\\Eloquent\\{closure}(Object(App\\Models\\afari_users))
#11 C:\\Users\\asus\\Desktop\\AFARI_TN\\backend( Laravel )\\afari_tn\\vendor\\laravel\\framework\\src\\Illuminate\\Database\\Eloquent\\Builder.php(1007): tap(Object(App\\Models\\afari_users), Object(Closure))
#12 C:\\Users\\asus\\Desktop\\AFARI_TN\\backend( Laravel )\\afari_tn\\vendor\\laravel\\framework\\src\\Illuminate\\Support\\Traits\\ForwardsCalls.php(23): Illuminate\\Database\\Eloquent\\Builder->create(Array)
#13 C:\\Users\\asus\\Desktop\\AFARI_TN\\backend( Laravel )\\afari_tn\\vendor\\laravel\\framework\\src\\Illuminate\\Database\\Eloquent\\Model.php(2333): Illuminate\\Database\\Eloquent\\Model->forwardCallTo(Object(Illuminate\\Database\\Eloquent\\Builder), 'create', Array)
#14 C:\\Users\\asus\\Desktop\\AFARI_TN\\backend( Laravel )\\afari_tn\\vendor\\laravel\\framework\\src\\Illuminate\\Database\\Eloquent\\Model.php(2345): Illuminate\\Database\\Eloquent\\Model->__call('create', Array)
#15 C:\\Users\\asus\\Desktop\\AFARI_TN\\backend( Laravel )\\afari_tn\\app\\Http\\Controllers\\afari_users_controller.php(32): Illuminate\\Database\\Eloquent\\Model::__callStatic('create', Array)
#16 C:\\Users\\asus\\Desktop\\AFARI_TN\\backend( Laravel )\\afari_tn\\vendor\\laravel\\framework\\src\\Illuminate\\Routing\\Controller.php(54): App\\Http\\Controllers\\afari_users_controller->register(Object(Illuminate\\Http\\Request))
#17 C:\\Users\\asus\\Desktop\\AFARI_TN\\backend( Laravel )\\afari_tn\\vendor\\laravel\\framework\\src\\Illuminate\\Routing\\ControllerDispatcher.php(43): Illuminate\\Routing\\Controller->callAction('register', Array)
#18 C:\\Users\\asus\\Desktop\\AFARI_TN\\backend( Laravel )\\afari_tn\\vendor\\laravel\\framework\\src\\Illuminate\\Routing\\Route.php(260): Illuminate\\Routing\\ControllerDispatcher->dispatch(Object(Illuminate\\Routing\\Route), Object(App\\Http\\Controllers\\afari_users_controller), 'register')
#19 C:\\Users\\asus\\Desktop\\AFARI_TN\\backend( Laravel )\\afari_tn\\vendor\\laravel\\framework\\src\\Illuminate\\Routing\\Route.php(205): Illuminate\\Routing\\Route->runController()
#20 C:\\Users\\asus\\Desktop\\AFARI_TN\\backend( Laravel )\\afari_tn\\vendor\\laravel\\framework\\src\\Illuminate\\Routing\\Router.php(799): Illuminate\\Routing\\Route->run()
#21 C:\\Users\\asus\\Desktop\\AFARI_TN\\backend( Laravel )\\afari_tn\\vendor\\laravel\\framework\\src\\Illuminate\\Pipeline\\Pipeline.php(141): Illuminate\\Routing\\Router->Illuminate\\Routing\\{closure}(Object(Illuminate\\Http\\Request))
#22 C:\\Users\\asus\\Desktop\\AFARI_TN\\backend( Laravel )\\afari_tn\\vendor\\laravel\\framework\\src\\Illuminate\\Routing\\Middleware\\SubstituteBindings.php(50): Illuminate\\Pipeline\\Pipeline->Illuminate\\Pipeline\\{closure}(Object(Illuminate\\Http\\Request))
#23 C:\\Users\\asus\\Desktop\\AFARI_TN\\backend( Laravel )\\afari_tn\\vendor\\laravel\\framework\\src\\Illuminate\\Pipeline\\Pipeline.php(180): Illuminate\\Routing\\Middleware\\SubstituteBindings->handle(Object(Illuminate\\Http\\Request), Object(Closure))
#24 C:\\Users\\asus\\Desktop\\AFARI_TN\\backend( Laravel )\\afari_tn\\vendor\\laravel\\framework\\src\\Illuminate\\Routing\\Middleware\\ThrottleRequests.php(159): Illuminate\\Pipeline\\Pipeline->Illuminate\\Pipeline\\{closure}(Object(Illuminate\\Http\\Request))
#25 C:\\Users\\asus\\Desktop\\AFARI_TN\\backend( Laravel )\\afari_tn\\vendor\\laravel\\framework\\src\\Illuminate\\Routing\\Middleware\\ThrottleRequests.php(135): Illuminate\\Routing\\Middleware\\ThrottleRequests->handleRequest(Object(Illuminate\\Http\\Request), Object(Closure), Array)
#26 C:\\Users\\asus\\Desktop\\AFARI_TN\\backend( Laravel )\\afari_tn\\vendor\\laravel\\framework\\src\\Illuminate\\Routing\\Middleware\\ThrottleRequests.php(87): Illuminate\\Routing\\Middleware\\ThrottleRequests->handleRequestUsingNamedLimiter(Object(Illuminate\\Http\\Request), Object(Closure), 'api', Object(Closure))
#27 C:\\Users\\asus\\Desktop\\AFARI_TN\\backend( Laravel )\\afari_tn\\vendor\\laravel\\framework\\src\\Illuminate\\Pipeline\\Pipeline.php(180): Illuminate\\Routing\\Middleware\\ThrottleRequests->handle(Object(Illuminate\\Http\\Request), Object(Closure), 'api')
#28 C:\\Users\\asus\\Desktop\\AFARI_TN\\backend( Laravel )\\afari_tn\\vendor\\laravel\\framework\\src\\Illuminate\\Pipeline\\Pipeline.php(116): Illuminate\\Pipeline\\Pipeline->Illuminate\\Pipeline\\{closure}(Object(Illuminate\\Http\\Request))
#29 C:\\Users\\asus\\Desktop\\AFARI_TN\\backend( Laravel )\\afari_tn\\vendor\\laravel\\framework\\src\\Illuminate\\Routing\\Router.php(800): Illuminate\\Pipeline\\Pipeline->then(Object(Closure))
#30 C:\\Users\\asus\\Desktop\\AFARI_TN\\backend( Laravel )\\afari_tn\\vendor\\laravel\\framework\\src\\Illuminate\\Routing\\Router.php(777): Illuminate\\Routing\\Router->runRouteWithinStack(Object(Illuminate\\Routing\\Route), Object(Illuminate\\Http\\Request))
#31 C:\\Users\\asus\\Desktop\\AFARI_TN\\backend( Laravel )\\afari_tn\\vendor\\laravel\\framework\\src\\Illuminate\\Routing\\Router.php(741): Illuminate\\Routing\\Router->runRoute(Object(Illuminate\\Http\\Request), Object(Illuminate\\Routing\\Route))
#32 C:\\Users\\asus\\Desktop\\AFARI_TN\\backend( Laravel )\\afari_tn\\vendor\\laravel\\framework\\src\\Illuminate\\Routing\\Router.php(730): Illuminate\\Routing\\Router->dispatchToRoute(Object(Illuminate\\Http\\Request))
#33 C:\\Users\\asus\\Desktop\\AFARI_TN\\backend( Laravel )\\afari_tn\\vendor\\laravel\\framework\\src\\Illuminate\\Foundation\\Http\\Kernel.php(200): Illuminate\\Routing\\Router->dispatch(Object(Illuminate\\Http\\Request))
#34 C:\\Users\\asus\\Desktop\\AFARI_TN\\backend( Laravel )\\afari_tn\\vendor\\laravel\\framework\\src\\Illuminate\\Pipeline\\Pipeline.php(141): Illuminate\\Foundation\\Http\\Kernel->Illuminate\\Foundation\\Http\\{closure}(Object(Illuminate\\Http\\Request))
#35 C:\\Users\\asus\\Desktop\\AFARI_TN\\backend( Laravel )\\afari_tn\\vendor\\laravel\\framework\\src\\Illuminate\\Foundation\\Http\\Middleware\\TransformsRequest.php(21): Illuminate\\Pipeline\\Pipeline->Illuminate\\Pipeline\\{closure}(Object(Illuminate\\Http\\Request))
#36 C:\\Users\\asus\\Desktop\\AFARI_TN\\backend( Laravel )\\afari_tn\\vendor\\laravel\\framework\\src\\Illuminate\\Foundation\\Http\\Middleware\\ConvertEmptyStringsToNull.php(31): Illuminate\\Foundation\\Http\\Middleware\\TransformsRequest->handle(Object(Illuminate\\Http\\Request), Object(Closure))
#37 C:\\Users\\asus\\Desktop\\AFARI_TN\\backend( Laravel )\\afari_tn\\vendor\\laravel\\framework\\src\\Illuminate\\Pipeline\\Pipeline.php(180): Illuminate\\Foundation\\Http\\Middleware\\ConvertEmptyStringsToNull->handle(Object(Illuminate\\Http\\Request), Object(Closure))
#38 C:\\Users\\asus\\Desktop\\AFARI_TN\\backend( Laravel )\\afari_tn\\vendor\\laravel\\framework\\src\\Illuminate\\Foundation\\Http\\Middleware\\TransformsRequest.php(21): Illuminate\\Pipeline\\Pipeline->Illuminate\\Pipeline\\{closure}(Object(Illuminate\\Http\\Request))
#39 C:\\Users\\asus\\Desktop\\AFARI_TN\\backend( Laravel )\\afari_tn\\vendor\\laravel\\framework\\src\\Illuminate\\Foundation\\Http\\Middleware\\TrimStrings.php(40): Illuminate\\Foundation\\Http\\Middleware\\TransformsRequest->handle(Object(Illuminate\\Http\\Request), Object(Closure))
#40 C:\\Users\\asus\\Desktop\\AFARI_TN\\backend( Laravel )\\afari_tn\\vendor\\laravel\\framework\\src\\Illuminate\\Pipeline\\Pipeline.php(180): Illuminate\\Foundation\\Http\\Middleware\\TrimStrings->handle(Object(Illuminate\\Http\\Request), Object(Closure))
#41 C:\\Users\\asus\\Desktop\\AFARI_TN\\backend( Laravel )\\afari_tn\\vendor\\laravel\\framework\\src\\Illuminate\\Foundation\\Http\\Middleware\\ValidatePostSize.php(27): Illuminate\\Pipeline\\Pipeline->Illuminate\\Pipeline\\{closure}(Object(Illuminate\\Http\\Request))
#42 C:\\Users\\asus\\Desktop\\AFARI_TN\\backend( Laravel )\\afari_tn\\vendor\\laravel\\framework\\src\\Illuminate\\Pipeline\\Pipeline.php(180): Illuminate\\Foundation\\Http\\Middleware\\ValidatePostSize->handle(Object(Illuminate\\Http\\Request), Object(Closure))
#43 C:\\Users\\asus\\Desktop\\AFARI_TN\\backend( Laravel )\\afari_tn\\vendor\\laravel\\framework\\src\\Illuminate\\Foundation\\Http\\Middleware\\PreventRequestsDuringMaintenance.php(86): Illuminate\\Pipeline\\Pipeline->Illuminate\\Pipeline\\{closure}(Object(Illuminate\\Http\\Request))
#44 C:\\Users\\asus\\Desktop\\AFARI_TN\\backend( Laravel )\\afari_tn\\vendor\\laravel\\framework\\src\\Illuminate\\Pipeline\\Pipeline.php(180): Illuminate\\Foundation\\Http\\Middleware\\PreventRequestsDuringMaintenance->handle(Object(Illuminate\\Http\\Request), Object(Closure))
#45 C:\\Users\\asus\\Desktop\\AFARI_TN\\backend( Laravel )\\afari_tn\\vendor\\laravel\\framework\\src\\Illuminate\\Http\\Middleware\\HandleCors.php(62): Illuminate\\Pipeline\\Pipeline->Illuminate\\Pipeline\\{closure}(Object(Illuminate\\Http\\Request))
#46 C:\\Users\\asus\\Desktop\\AFARI_TN\\backend( Laravel )\\afari_tn\\vendor\\laravel\\framework\\src\\Illuminate\\Pipeline\\Pipeline.php(180): Illuminate\\Http\\Middleware\\HandleCors->handle(Object(Illuminate\\Http\\Request), Object(Closure))
#47 C:\\Users\\asus\\Desktop\\AFARI_TN\\backend( Laravel )\\afari_tn\\vendor\\laravel\\framework\\src\\Illuminate\\Http\\Middleware\\TrustProxies.php(39): Illuminate\\Pipeline\\Pipeline->Illuminate\\Pipeline\\{closure}(Object(Illuminate\\Http\\Request))
#48 C:\\Users\\asus\\Desktop\\AFARI_TN\\backend( Laravel )\\afari_tn\\vendor\\laravel\\framework\\src\\Illuminate\\Pipeline\\Pipeline.php(180): Illuminate\\Http\\Middleware\\TrustProxies->handle(Object(Illuminate\\Http\\Request), Object(Closure))
#49 C:\\Users\\asus\\Desktop\\AFARI_TN\\backend( Laravel )\\afari_tn\\vendor\\laravel\\framework\\src\\Illuminate\\Pipeline\\Pipeline.php(116): Illuminate\\Pipeline\\Pipeline->Illuminate\\Pipeline\\{closure}(Object(Illuminate\\Http\\Request))
#50 C:\\Users\\asus\\Desktop\\AFARI_TN\\backend( Laravel )\\afari_tn\\vendor\\laravel\\framework\\src\\Illuminate\\Foundation\\Http\\Kernel.php(175): Illuminate\\Pipeline\\Pipeline->then(Object(Closure))
#51 C:\\Users\\asus\\Desktop\\AFARI_TN\\backend( Laravel )\\afari_tn\\vendor\\laravel\\framework\\src\\Illuminate\\Foundation\\Http\\Kernel.php(144): Illuminate\\Foundation\\Http\\Kernel->sendRequestThroughRouter(Object(Illuminate\\Http\\Request))
#52 C:\\Users\\asus\\Desktop\\AFARI_TN\\backend( Laravel )\\afari_tn\\public\\index.php(52): Illuminate\\Foundation\\Http\\Kernel->handle(Object(Illuminate\\Http\\Request))
#53 C:\\Users\\asus\\Desktop\\AFARI_TN\\backend( Laravel )\\afari_tn\\vendor\\laravel\\framework\\src\\Illuminate\\Foundation\\resources\\server.php(16): require_once('C:\\\\Users\\\\asus\\\\D...')
#54 {main}

[previous exception] [object] (PDOException(code: HY000): SQLSTATE[HY000]: General error: 1364 Field 'password' doesn't have a default value at C:\\Users\\asus\\Desktop\\AFARI_TN\\backend( Laravel )\\afari_tn\\vendor\\laravel\\framework\\src\\Illuminate\\Database\\Connection.php:580)
[stacktrace]
#0 C:\\Users\\asus\\Desktop\\AFARI_TN\\backend( Laravel )\\afari_tn\\vendor\\laravel\\framework\\src\\Illuminate\\Database\\Connection.php(580): PDOStatement->execute()
#1 C:\\Users\\asus\\Desktop\\AFARI_TN\\backend( Laravel )\\afari_tn\\vendor\\laravel\\framework\\src\\Illuminate\\Database\\Connection.php(788): Illuminate\\Database\\Connection->Illuminate\\Database\\{closure}('insert into `af...', Array)
#2 C:\\Users\\asus\\Desktop\\AFARI_TN\\backend( Laravel )\\afari_tn\\vendor\\laravel\\framework\\src\\Illuminate\\Database\\Connection.php(755): Illuminate\\Database\\Connection->runQueryCallback('insert into `af...', Array, Object(Closure))
#3 C:\\Users\\asus\\Desktop\\AFARI_TN\\backend( Laravel )\\afari_tn\\vendor\\laravel\\framework\\src\\Illuminate\\Database\\Connection.php(581): Illuminate\\Database\\Connection->run('insert into `af...', Array, Object(Closure))
#4 C:\\Users\\asus\\Desktop\\AFARI_TN\\backend( Laravel )\\afari_tn\\vendor\\laravel\\framework\\src\\Illuminate\\Database\\Connection.php(533): Illuminate\\Database\\Connection->statement('insert into `af...', Array)
#5 C:\\Users\\asus\\Desktop\\AFARI_TN\\backend( Laravel )\\afari_tn\\vendor\\laravel\\framework\\src\\Illuminate\\Database\\Query\\Processors\\Processor.php(32): Illuminate\\Database\\Connection->insert('insert into `af...', Array)
#6 C:\\Users\\asus\\Desktop\\AFARI_TN\\backend( Laravel )\\afari_tn\\vendor\\laravel\\framework\\src\\Illuminate\\Database\\Query\\Builder.php(3383): Illuminate\\Database\\Query\\Processors\\Processor->processInsertGetId(Object(Illuminate\\Database\\Query\\Builder), 'insert into `af...', Array, 'id')
#7 C:\\Users\\asus\\Desktop\\AFARI_TN\\backend( Laravel )\\afari_tn\\vendor\\laravel\\framework\\src\\Illuminate\\Database\\Eloquent\\Builder.php(1936): Illuminate\\Database\\Query\\Builder->insertGetId(Array, 'id')
#8 C:\\Users\\asus\\Desktop\\AFARI_TN\\backend( Laravel )\\afari_tn\\vendor\\laravel\\framework\\src\\Illuminate\\Database\\Eloquent\\Model.php(1333): Illuminate\\Database\\Eloquent\\Builder->__call('insertGetId', Array)
#9 C:\\Users\\asus\\Desktop\\AFARI_TN\\backend( Laravel )\\afari_tn\\vendor\\laravel\\framework\\src\\Illuminate\\Database\\Eloquent\\Model.php(1298): Illuminate\\Database\\Eloquent\\Model->insertAndSetId(Object(Illuminate\\Database\\Eloquent\\Builder), Array)
#10 C:\\Users\\asus\\Desktop\\AFARI_TN\\backend( Laravel )\\afari_tn\\vendor\\laravel\\framework\\src\\Illuminate\\Database\\Eloquent\\Model.php(1137): Illuminate\\Database\\Eloquent\\Model->performInsert(Object(Illuminate\\Database\\Eloquent\\Builder))
#11 C:\\Users\\asus\\Desktop\\AFARI_TN\\backend( Laravel )\\afari_tn\\vendor\\laravel\\framework\\src\\Illuminate\\Database\\Eloquent\\Builder.php(1006): Illuminate\\Database\\Eloquent\\Model->save()
#12 C:\\Users\\asus\\Desktop\\AFARI_TN\\backend( Laravel )\\afari_tn\\vendor\\laravel\\framework\\src\\Illuminate\\Support\\helpers.php(307): Illuminate\\Database\\Eloquent\\Builder->Illuminate\\Database\\Eloquent\\{closure}(Object(App\\Models\\afari_users))
#13 C:\\Users\\asus\\Desktop\\AFARI_TN\\backend( Laravel )\\afari_tn\\vendor\\laravel\\framework\\src\\Illuminate\\Database\\Eloquent\\Builder.php(1007): tap(Object(App\\Models\\afari_users), Object(Closure))
#14 C:\\Users\\asus\\Desktop\\AFARI_TN\\backend( Laravel )\\afari_tn\\vendor\\laravel\\framework\\src\\Illuminate\\Support\\Traits\\ForwardsCalls.php(23): Illuminate\\Database\\Eloquent\\Builder->create(Array)
#15 C:\\Users\\asus\\Desktop\\AFARI_TN\\backend( Laravel )\\afari_tn\\vendor\\laravel\\framework\\src\\Illuminate\\Database\\Eloquent\\Model.php(2333): Illuminate\\Database\\Eloquent\\Model->forwardCallTo(Object(Illuminate\\Database\\Eloquent\\Builder), 'create', Array)
#16 C:\\Users\\asus\\Desktop\\AFARI_TN\\backend( Laravel )\\afari_tn\\vendor\\laravel\\framework\\src\\Illuminate\\Database\\Eloquent\\Model.php(2345): Illuminate\\Database\\Eloquent\\Model->__call('create', Array)
#17 C:\\Users\\asus\\Desktop\\AFARI_TN\\backend( Laravel )\\afari_tn\\app\\Http\\Controllers\\afari_users_controller.php(32): Illuminate\\Database\\Eloquent\\Model::__callStatic('create', Array)
#18 C:\\Users\\asus\\Desktop\\AFARI_TN\\backend( Laravel )\\afari_tn\\vendor\\laravel\\framework\\src\\Illuminate\\Routing\\Controller.php(54): App\\Http\\Controllers\\afari_users_controller->register(Object(Illuminate\\Http\\Request))
#19 C:\\Users\\asus\\Desktop\\AFARI_TN\\backend( Laravel )\\afari_tn\\vendor\\laravel\\framework\\src\\Illuminate\\Routing\\ControllerDispatcher.php(43): Illuminate\\Routing\\Controller->callAction('register', Array)
#20 C:\\Users\\asus\\Desktop\\AFARI_TN\\backend( Laravel )\\afari_tn\\vendor\\laravel\\framework\\src\\Illuminate\\Routing\\Route.php(260): Illuminate\\Routing\\ControllerDispatcher->dispatch(Object(Illuminate\\Routing\\Route), Object(App\\Http\\Controllers\\afari_users_controller), 'register')
#21 C:\\Users\\asus\\Desktop\\AFARI_TN\\backend( Laravel )\\afari_tn\\vendor\\laravel\\framework\\src\\Illuminate\\Routing\\Route.php(205): Illuminate\\Routing\\Route->runController()
#22 C:\\Users\\asus\\Desktop\\AFARI_TN\\backend( Laravel )\\afari_tn\\vendor\\laravel\\framework\\src\\Illuminate\\Routing\\Router.php(799): Illuminate\\Routing\\Route->run()
#23 C:\\Users\\asus\\Desktop\\AFARI_TN\\backend( Laravel )\\afari_tn\\vendor\\laravel\\framework\\src\\Illuminate\\Pipeline\\Pipeline.php(141): Illuminate\\Routing\\Router->Illuminate\\Routing\\{closure}(Object(Illuminate\\Http\\Request))
#24 C:\\Users\\asus\\Desktop\\AFARI_TN\\backend( Laravel )\\afari_tn\\vendor\\laravel\\framework\\src\\Illuminate\\Routing\\Middleware\\SubstituteBindings.php(50): Illuminate\\Pipeline\\Pipeline->Illuminate\\Pipeline\\{closure}(Object(Illuminate\\Http\\Request))
#25 C:\\Users\\asus\\Desktop\\AFARI_TN\\backend( Laravel )\\afari_tn\\vendor\\laravel\\framework\\src\\Illuminate\\Pipeline\\Pipeline.php(180): Illuminate\\Routing\\Middleware\\SubstituteBindings->handle(Object(Illuminate\\Http\\Request), Object(Closure))
#26 C:\\Users\\asus\\Desktop\\AFARI_TN\\backend( Laravel )\\afari_tn\\vendor\\laravel\\framework\\src\\Illuminate\\Routing\\Middleware\\ThrottleRequests.php(159): Illuminate\\Pipeline\\Pipeline->Illuminate\\Pipeline\\{closure}(Object(Illuminate\\Http\\Request))
#27 C:\\Users\\asus\\Desktop\\AFARI_TN\\backend( Laravel )\\afari_tn\\vendor\\laravel\\framework\\src\\Illuminate\\Routing\\Middleware\\ThrottleRequests.php(135): Illuminate\\Routing\\Middleware\\ThrottleRequests->handleRequest(Object(Illuminate\\Http\\Request), Object(Closure), Array)
#28 C:\\Users\\asus\\Desktop\\AFARI_TN\\backend( Laravel )\\afari_tn\\vendor\\laravel\\framework\\src\\Illuminate\\Routing\\Middleware\\ThrottleRequests.php(87): Illuminate\\Routing\\Middleware\\ThrottleRequests->handleRequestUsingNamedLimiter(Object(Illuminate\\Http\\Request), Object(Closure), 'api', Object(Closure))
#29 C:\\Users\\asus\\Desktop\\AFARI_TN\\backend( Laravel )\\afari_tn\\vendor\\laravel\\framework\\src\\Illuminate\\Pipeline\\Pipeline.php(180): Illuminate\\Routing\\Middleware\\ThrottleRequests->handle(Object(Illuminate\\Http\\Request), Object(Closure), 'api')
#30 C:\\Users\\asus\\Desktop\\AFARI_TN\\backend( Laravel )\\afari_tn\\vendor\\laravel\\framework\\src\\Illuminate\\Pipeline\\Pipeline.php(116): Illuminate\\Pipeline\\Pipeline->Illuminate\\Pipeline\\{closure}(Object(Illuminate\\Http\\Request))
#31 C:\\Users\\asus\\Desktop\\AFARI_TN\\backend( Laravel )\\afari_tn\\vendor\\laravel\\framework\\src\\Illuminate\\Routing\\Router.php(800): Illuminate\\Pipeline\\Pipeline->then(Object(Closure))
#32 C:\\Users\\asus\\Desktop\\AFARI_TN\\backend( Laravel )\\afari_tn\\vendor\\laravel\\framework\\src\\Illuminate\\Routing\\Router.php(777): Illuminate\\Routing\\Router->runRouteWithinStack(Object(Illuminate\\Routing\\Route), Object(Illuminate\\Http\\Request))
#33 C:\\Users\\asus\\Desktop\\AFARI_TN\\backend( Laravel )\\afari_tn\\vendor\\laravel\\framework\\src\\Illuminate\\Routing\\Router.php(741): Illuminate\\Routing\\Router->runRoute(Object(Illuminate\\Http\\Request), Object(Illuminate\\Routing\\Route))
#34 C:\\Users\\asus\\Desktop\\AFARI_TN\\backend( Laravel )\\afari_tn\\vendor\\laravel\\framework\\src\\Illuminate\\Routing\\Router.php(730): Illuminate\\Routing\\Router->dispatchToRoute(Object(Illuminate\\Http\\Request))
#35 C:\\Users\\asus\\Desktop\\AFARI_TN\\backend( Laravel )\\afari_tn\\vendor\\laravel\\framework\\src\\Illuminate\\Foundation\\Http\\Kernel.php(200): Illuminate\\Routing\\Router->dispatch(Object(Illuminate\\Http\\Request))
#36 C:\\Users\\asus\\Desktop\\AFARI_TN\\backend( Laravel )\\afari_tn\\vendor\\laravel\\framework\\src\\Illuminate\\Pipeline\\Pipeline.php(141): Illuminate\\Foundation\\Http\\Kernel->Illuminate\\Foundation\\Http\\{closure}(Object(Illuminate\\Http\\Request))
#37 C:\\Users\\asus\\Desktop\\AFARI_TN\\backend( Laravel )\\afari_tn\\vendor\\laravel\\framework\\src\\Illuminate\\Foundation\\Http\\Middleware\\TransformsRequest.php(21): Illuminate\\Pipeline\\Pipeline->Illuminate\\Pipeline\\{closure}(Object(Illuminate\\Http\\Request))
#38 C:\\Users\\asus\\Desktop\\AFARI_TN\\backend( Laravel )\\afari_tn\\vendor\\laravel\\framework\\src\\Illuminate\\Foundation\\Http\\Middleware\\ConvertEmptyStringsToNull.php(31): Illuminate\\Foundation\\Http\\Middleware\\TransformsRequest->handle(Object(Illuminate\\Http\\Request), Object(Closure))
#39 C:\\Users\\asus\\Desktop\\AFARI_TN\\backend( Laravel )\\afari_tn\\vendor\\laravel\\framework\\src\\Illuminate\\Pipeline\\Pipeline.php(180): Illuminate\\Foundation\\Http\\Middleware\\ConvertEmptyStringsToNull->handle(Object(Illuminate\\Http\\Request), Object(Closure))
#40 C:\\Users\\asus\\Desktop\\AFARI_TN\\backend( Laravel )\\afari_tn\\vendor\\laravel\\framework\\src\\Illuminate\\Foundation\\Http\\Middleware\\TransformsRequest.php(21): Illuminate\\Pipeline\\Pipeline->Illuminate\\Pipeline\\{closure}(Object(Illuminate\\Http\\Request))
#41 C:\\Users\\asus\\Desktop\\AFARI_TN\\backend( Laravel )\\afari_tn\\vendor\\laravel\\framework\\src\\Illuminate\\Foundation\\Http\\Middleware\\TrimStrings.php(40): Illuminate\\Foundation\\Http\\Middleware\\TransformsRequest->handle(Object(Illuminate\\Http\\Request), Object(Closure))
#42 C:\\Users\\asus\\Desktop\\AFARI_TN\\backend( Laravel )\\afari_tn\\vendor\\laravel\\framework\\src\\Illuminate\\Pipeline\\Pipeline.php(180): Illuminate\\Foundation\\Http\\Middleware\\TrimStrings->handle(Object(Illuminate\\Http\\Request), Object(Closure))
#43 C:\\Users\\asus\\Desktop\\AFARI_TN\\backend( Laravel )\\afari_tn\\vendor\\laravel\\framework\\src\\Illuminate\\Foundation\\Http\\Middleware\\ValidatePostSize.php(27): Illuminate\\Pipeline\\Pipeline->Illuminate\\Pipeline\\{closure}(Object(Illuminate\\Http\\Request))
#44 C:\\Users\\asus\\Desktop\\AFARI_TN\\backend( Laravel )\\afari_tn\\vendor\\laravel\\framework\\src\\Illuminate\\Pipeline\\Pipeline.php(180): Illuminate\\Foundation\\Http\\Middleware\\ValidatePostSize->handle(Object(Illuminate\\Http\\Request), Object(Closure))
#45 C:\\Users\\asus\\Desktop\\AFARI_TN\\backend( Laravel )\\afari_tn\\vendor\\laravel\\framework\\src\\Illuminate\\Foundation\\Http\\Middleware\\PreventRequestsDuringMaintenance.php(86): Illuminate\\Pipeline\\Pipeline->Illuminate\\Pipeline\\{closure}(Object(Illuminate\\Http\\Request))
#46 C:\\Users\\asus\\Desktop\\AFARI_TN\\backend( Laravel )\\afari_tn\\vendor\\laravel\\framework\\src\\Illuminate\\Pipeline\\Pipeline.php(180): Illuminate\\Foundation\\Http\\Middleware\\PreventRequestsDuringMaintenance->handle(Object(Illuminate\\Http\\Request), Object(Closure))
#47 C:\\Users\\asus\\Desktop\\AFARI_TN\\backend( Laravel )\\afari_tn\\vendor\\laravel\\framework\\src\\Illuminate\\Http\\Middleware\\HandleCors.php(62): Illuminate\\Pipeline\\Pipeline->Illuminate\\Pipeline\\{closure}(Object(Illuminate\\Http\\Request))
#48 C:\\Users\\asus\\Desktop\\AFARI_TN\\backend( Laravel )\\afari_tn\\vendor\\laravel\\framework\\src\\Illuminate\\Pipeline\\Pipeline.php(180): Illuminate\\Http\\Middleware\\HandleCors->handle(Object(Illuminate\\Http\\Request), Object(Closure))
#49 C:\\Users\\asus\\Desktop\\AFARI_TN\\backend( Laravel )\\afari_tn\\vendor\\laravel\\framework\\src\\Illuminate\\Http\\Middleware\\TrustProxies.php(39): Illuminate\\Pipeline\\Pipeline->Illuminate\\Pipeline\\{closure}(Object(Illuminate\\Http\\Request))
#50 C:\\Users\\asus\\Desktop\\AFARI_TN\\backend( Laravel )\\afari_tn\\vendor\\laravel\\framework\\src\\Illuminate\\Pipeline\\Pipeline.php(180): Illuminate\\Http\\Middleware\\TrustProxies->handle(Object(Illuminate\\Http\\Request), Object(Closure))
#51 C:\\Users\\asus\\Desktop\\AFARI_TN\\backend( Laravel )\\afari_tn\\vendor\\laravel\\framework\\src\\Illuminate\\Pipeline\\Pipeline.php(116): Illuminate\\Pipeline\\Pipeline->Illuminate\\Pipeline\\{closure}(Object(Illuminate\\Http\\Request))
#52 C:\\Users\\asus\\Desktop\\AFARI_TN\\backend( Laravel )\\afari_tn\\vendor\\laravel\\framework\\src\\Illuminate\\Foundation\\Http\\Kernel.php(175): Illuminate\\Pipeline\\Pipeline->then(Object(Closure))
#53 C:\\Users\\asus\\Desktop\\AFARI_TN\\backend( Laravel )\\afari_tn\\vendor\\laravel\\framework\\src\\Illuminate\\Foundation\\Http\\Kernel.php(144): Illuminate\\Foundation\\Http\\Kernel->sendRequestThroughRouter(Object(Illuminate\\Http\\Request))
#54 C:\\Users\\asus\\Desktop\\AFARI_TN\\backend( Laravel )\\afari_tn\\public\\index.php(52): Illuminate\\Foundation\\Http\\Kernel->handle(Object(Illuminate\\Http\\Request))
#55 C:\\Users\\asus\\Desktop\\AFARI_TN\\backend( Laravel )\\afari_tn\\vendor\\laravel\\framework\\src\\Illuminate\\Foundation\\resources\\server.php(16): require_once('C:\\\\Users\\\\asus\\\\D...')
#56 {main}
"} 
